0 info it worked if it ends with ok
1 verbose cli [ 'node', '/usr/local/bin/npm', 'update', '-g', 'yo' ]
2 info using npm@1.4.28
3 info using node@v0.10.35
4 verbose registry.get https://registry.npmjs.org/yo not expired, no request
5 info outdated updating [ [ '/usr/local/lib', 'yo', '1.3.3', '1.4.4', '1.4.4', 'latest' ] ]
6 verbose install where,what [ '/usr/local/lib', [ 'yo@1.4.4' ] ]
7 verbose cache add [ 'yo@1.4.4', null ]
8 verbose cache add name=undefined spec="yo@1.4.4" args=["yo@1.4.4",null]
9 verbose parsed url { protocol: null,
9 verbose parsed url   slashes: null,
9 verbose parsed url   auth: null,
9 verbose parsed url   host: null,
9 verbose parsed url   port: null,
9 verbose parsed url   hostname: null,
9 verbose parsed url   hash: null,
9 verbose parsed url   search: null,
9 verbose parsed url   query: null,
9 verbose parsed url   pathname: 'yo@1.4.4',
9 verbose parsed url   path: 'yo@1.4.4',
9 verbose parsed url   href: 'yo@1.4.4' }
10 verbose cache add name="yo" spec="1.4.4" args=["yo","1.4.4"]
11 verbose parsed url { protocol: null,
11 verbose parsed url   slashes: null,
11 verbose parsed url   auth: null,
11 verbose parsed url   host: null,
11 verbose parsed url   port: null,
11 verbose parsed url   hostname: null,
11 verbose parsed url   hash: null,
11 verbose parsed url   search: null,
11 verbose parsed url   query: null,
11 verbose parsed url   pathname: '1.4.4',
11 verbose parsed url   path: '1.4.4',
11 verbose parsed url   href: '1.4.4' }
12 verbose addNamed [ 'yo', '1.4.4' ]
13 verbose addNamed [ '1.4.4', '1.4.4' ]
14 silly lockFile 905ded93-yo-1-4-4 yo@1.4.4
15 verbose lock yo@1.4.4 /Users/seokangchun/.npm/905ded93-yo-1-4-4.lock
16 verbose request where is /yo
17 verbose request registry https://registry.npmjs.org/
18 verbose request id 089494dfa7a4b156
19 verbose url raw /yo
20 verbose url resolving [ 'https://registry.npmjs.org/', './yo' ]
21 verbose url resolved https://registry.npmjs.org/yo
22 verbose request where is https://registry.npmjs.org/yo
23 info trying registry request attempt 1 at 20:28:02
24 verbose etag "DR2ST8BEHBL9DYV1VEVE2QSAV"
25 http GET https://registry.npmjs.org/yo
26 http 304 https://registry.npmjs.org/yo
27 silly registry.get cb [ 304,
27 silly registry.get   { date: 'Fri, 23 Jan 2015 11:28:02 GMT',
27 silly registry.get     server: 'Apache',
27 silly registry.get     via: '1.1 varnish',
27 silly registry.get     'last-modified': 'Fri, 23 Jan 2015 11:27:12 GMT',
27 silly registry.get     'cache-control': 'max-age=60',
27 silly registry.get     etag: '"DR2ST8BEHBL9DYV1VEVE2QSAV"',
27 silly registry.get     age: '50',
27 silly registry.get     'x-served-by': 'cache-ty66-TYO',
27 silly registry.get     'x-cache': 'HIT',
27 silly registry.get     'x-cache-hits': '2',
27 silly registry.get     'x-timer': 'S1422012482.406417,VS0,VE0',
27 silly registry.get     vary: 'Accept',
27 silly registry.get     'content-length': '0',
27 silly registry.get     'keep-alive': 'timeout=10, max=50',
27 silly registry.get     connection: 'Keep-Alive' } ]
28 verbose etag https://registry.npmjs.org/yo from cache
29 silly lockFile 905ded93-yo-1-4-4 yo@1.4.4
30 silly lockFile 905ded93-yo-1-4-4 yo@1.4.4
31 silly resolved [ { name: 'yo',
31 silly resolved     version: '1.4.4',
31 silly resolved     description: 'CLI tool for running Yeoman generators',
31 silly resolved     license: 'BSD',
31 silly resolved     bin: { yo: 'lib/cli.js' },
31 silly resolved     author: { name: 'Yeoman team' },
31 silly resolved     repository: { type: 'git', url: 'https://github.com/yeoman/yo' },
31 silly resolved     engines: { node: '>=0.10.0', npm: '>=2.1.0' },
31 silly resolved     scripts:
31 silly resolved      { test: 'jshint . && mocha test/**/*.js',
31 silly resolved        postinstall: 'yodoctor',
31 silly resolved        postupdate: 'yodoctor',
31 silly resolved        prepublish: 'nsp audit-package' },
31 silly resolved     files: [ 'lib' ],
31 silly resolved     keywords:
31 silly resolved      [ 'cli-app',
31 silly resolved        'cli',
31 silly resolved        'bin',
31 silly resolved        'front-end',
31 silly resolved        'development',
31 silly resolved        'dev',
31 silly resolved        'build',
31 silly resolved        'web',
31 silly resolved        'tool',
31 silly resolved        'scaffold',
31 silly resolved        'stack',
31 silly resolved        'yeoman',
31 silly resolved        'generator',
31 silly resolved        'generate',
31 silly resolved        'app',
31 silly resolved        'boilerplate' ],
31 silly resolved     dependencies:
31 silly resolved      { 'array-uniq': '^1.0.2',
31 silly resolved        async: '^0.9.0',
31 silly resolved        chalk: '^0.5.1',
31 silly resolved        configstore: '^0.3.1',
31 silly resolved        'cross-spawn': '^0.2.3',
31 silly resolved        figures: '^1.3.5',
31 silly resolved        findup: '^0.1.5',
31 silly resolved        fullname: '^1.0.0',
31 silly resolved        'humanize-string': '^1.0.0',
31 silly resolved        inquirer: '^0.8.0',
31 silly resolved        insight: '^0.5.0',
31 silly resolved        lodash: '^2.4.1',
31 silly resolved        meow: '^2.0.0',
31 silly resolved        'npm-keyword': '^1.0.1',
31 silly resolved        opn: '^1.0.0',
31 silly resolved        'package-json': '^1.0.1',
31 silly resolved        'root-check': '^1.0.0',
31 silly resolved        'sort-on': '^1.0.0',
31 silly resolved        'string-length': '^1.0.0',
31 silly resolved        titleize: '^1.0.0',
31 silly resolved        'update-notifier': '^0.3.0',
31 silly resolved        'user-home': '^1.1.0',
31 silly resolved        'yeoman-character': '^1.0.0',
31 silly resolved        'yeoman-doctor': '^1.0.0',
31 silly resolved        'yeoman-environment': '^1.0.1',
31 silly resolved        yosay: '^1.0.0' },
31 silly resolved     devDependencies:
31 silly resolved      { jshint: '^2.5.11',
31 silly resolved        mocha: '^2.1.0',
31 silly resolved        mockery: '^1.4.0',
31 silly resolved        nock: '^0.56.0',
31 silly resolved        nsp: '*',
31 silly resolved        proxyquire: '^1.0.1',
31 silly resolved        'registry-url': '^2.1.0',
31 silly resolved        sinon: '^1.12.1' },
31 silly resolved     engineStrict: true,
31 silly resolved     preferGlobal: true,
31 silly resolved     gitHead: '5059320eb26a6efa754acf7306ee49cc0fa172db',
31 silly resolved     bugs: { url: 'https://github.com/yeoman/yo/issues' },
31 silly resolved     homepage: 'https://github.com/yeoman/yo',
31 silly resolved     _id: 'yo@1.4.4',
31 silly resolved     _shasum: '333d2132e7da55c23a2490eb01fee2d267d374e0',
31 silly resolved     _from: 'yo@1.4.4',
31 silly resolved     _npmVersion: '1.4.28',
31 silly resolved     _npmUser: { name: 'sindresorhus', email: 'sindresorhus@gmail.com' },
31 silly resolved     maintainers: [ [Object], [Object], [Object], [Object], [Object], [Object] ],
31 silly resolved     dist:
31 silly resolved      { shasum: '333d2132e7da55c23a2490eb01fee2d267d374e0',
31 silly resolved        tarball: 'http://registry.npmjs.org/yo/-/yo-1.4.4.tgz' },
31 silly resolved     directories: {},
31 silly resolved     _resolved: 'https://registry.npmjs.org/yo/-/yo-1.4.4.tgz',
31 silly resolved     readme: 'ERROR: No README data found!' } ]
32 info install yo@1.4.4 into /usr/local/lib
33 info installOne yo@1.4.4
34 error notsup Unsupported
34 error notsup Not compatible with your version of node/npm: yo@1.4.4
34 error notsup Required: {"node":">=0.10.0","npm":">=2.1.0"}
34 error notsup Actual:   {"npm":"1.4.28","node":"0.10.35"}
35 error System Darwin 14.0.0
36 error command "node" "/usr/local/bin/npm" "update" "-g" "yo"
37 error cwd /Users/seokangchun/githubProjects/program-document
38 error node -v v0.10.35
39 error npm -v 1.4.28
40 error code ENOTSUP
41 verbose exit [ 1, true ]
